<?xml version="1.0" encoding="UTF-8"?>
<!-- Generated by org.testng.reporters.JUnitXMLReporter -->
<testsuite ignored="0" hostname="SG-LT-344" failures="0" tests="7" name="Test" time="956.998" errors="0" timestamp="2022-02-05T19:03:02 IST">
  <testcase classname="dayamedHealth.Pharmacist" name="pharmacist" time="118.252"/>
  <testcase classname="dayamedHealth.PharmacitAddPrescription" name="pharmacistAddPrescription" time="232.719"/>
  <testcase classname="dayamedHealth.PharmacistEditPatient" name="editPatient" time="188.28"/>
  <testcase classname="dayamedHealth.PharmacistPatientViewPrescription" name="patientViewPrescription" time="96.117"/>
  <testcase classname="dayamedHealth.PharmacistPatientNotifications" name="pharmacistPatientNotifications" time="76.696"/>
  <testcase classname="dayamedHealth.PharmacistZoomCall" name="pharmacistZoomCall" time="80.284"/>
  <testcase classname="dayamedHealth.PharmacistPatientReports" name="pharmacistPatientReports" time="164.602"/>
</testsuite> <!-- Test -->
