<?xml version="1.0" encoding="UTF-8"?>
<testng-results ignored="0" total="1" passed="1" failed="0" skipped="0">
  <reporter-output>
  </reporter-output>
  <suite started-at="2022-02-24T16:14:23 IST" name="Suite" finished-at="2022-02-24T16:15:20 IST" duration-ms="56737">
    <groups>
    </groups>
    <test started-at="2022-02-24T16:14:23 IST" name="Test" finished-at="2022-02-24T16:15:20 IST" duration-ms="56737">
      <class name="dayamedHealth.AdminHomePage">
        <test-method signature="homePage()[pri:0, instance:dayamedHealth.AdminHomePage@68c72235]" started-at="2022-02-24T16:14:23 IST" name="homePage" finished-at="2022-02-24T16:15:20 IST" duration-ms="56702" status="PASS">
          <reporter-output>
          </reporter-output>
        </test-method> <!-- homePage -->
      </class> <!-- dayamedHealth.AdminHomePage -->
    </test> <!-- Test -->
  </suite> <!-- Suite -->
</testng-results>
